<?xml version="1.0" encoding="UTF-8"?>
<testng-results ignored="0" total="1" passed="1" failed="0" skipped="0">
  <reporter-output>
  </reporter-output>
  <suite started-at="2020-11-09T10:06:05 PST" name="Default suite" finished-at="2020-11-09T10:06:35 PST" duration-ms="30040">
    <groups>
    </groups>
    <test started-at="2020-11-09T10:06:05 PST" name="Default test" finished-at="2020-11-09T10:06:35 PST" duration-ms="30040">
      <class name="CalenderPop.CalenderPopTest">
        <test-method signature="calenderPop()[pri:0, instance:CalenderPop.CalenderPopTest@60015ef5]" started-at="2020-11-09T10:06:05 PST" name="calenderPop" finished-at="2020-11-09T10:06:35 PST" duration-ms="29945" status="PASS">
          <reporter-output>
          </reporter-output>
        </test-method> <!-- calenderPop -->
      </class> <!-- CalenderPop.CalenderPopTest -->
    </test> <!-- Default test -->
  </suite> <!-- Default suite -->
</testng-results>
